
> sysmex-friends@0.1.0 check /app
> npm run lint && tsc --noEmit && npm run build

npm warn Unknown env config "verify-deps-before-run". This will stop working in the next major version of npm.
npm warn Unknown env config "_jsr-registry". This will stop working in the next major version of npm.

> sysmex-friends@0.1.0 lint
> eslint .


Oops! Something went wrong! :(

ESLint: 9.39.1

Error [ERR_MODULE_NOT_FOUND]: Cannot find package 'eslint' imported from /app/eslint.config.mjs
    at Object.getPackageJSONURL (node:internal/modules/package_json_reader:314:9)
    at packageResolve (node:internal/modules/esm/resolve:767:81)
    at moduleResolve (node:internal/modules/esm/resolve:853:18)
    at defaultResolve (node:internal/modules/esm/resolve:983:11)
    at #cachedDefaultResolve (node:internal/modules/esm/loader:731:20)
    at ModuleLoader.resolve (node:internal/modules/esm/loader:708:38)
    at ModuleLoader.getModuleJobForImport (node:internal/modules/esm/loader:310:38)
    at ModuleJob._link (node:internal/modules/esm/module_job:182:49)
npm notice
npm notice New minor version of npm available! 11.6.2 -> 11.8.0
npm notice Changelog: https://github.com/npm/cli/releases/tag/v11.8.0
npm notice To update run: npm install -g npm@11.8.0
npm notice
 ELIFECYCLE  Command failed with exit code 2.
 WARN   Local package.json exists, but node_modules missing, did you mean to install?
