
> sysmex-friends@0.1.0 check /app
> npm run lint && tsc --noEmit && npm run build

npm warn Unknown env config "verify-deps-before-run". This will stop working in the next major version of npm.
npm warn Unknown env config "_jsr-registry". This will stop working in the next major version of npm.

> sysmex-friends@0.1.0 lint
> eslint .

npm warn Unknown env config "verify-deps-before-run". This will stop working in the next major version of npm.
npm warn Unknown env config "_jsr-registry". This will stop working in the next major version of npm.

> sysmex-friends@0.1.0 build
> next build

▲ Next.js 16.1.6 (Turbopack)
- Environments: .env
- Experiments (use with caution):
  · serverActions

⚠ The "middleware" file convention is deprecated. Please use "proxy" instead. Learn more: https://nextjs.org/docs/messages/middleware-to-proxy
  Creating an optimized production build ...
✓ Compiled successfully in 9.6s
  Running TypeScript ...
  Collecting page data using 3 workers ...
  Generating static pages using 3 workers (0/14) ...
  Generating static pages using 3 workers (3/14)
  Generating static pages using 3 workers (6/14)
  Generating static pages using 3 workers (10/14)
✓ Generating static pages using 3 workers (14/14) in 431.4ms
  Finalizing page optimization ...

Route (app)                Revalidate  Expire
┌ ƒ /
├ ○ /_not-found
├ ƒ /admin
├ ƒ /admin/calendar
├ ƒ /admin/gallery
├ ƒ /admin/members
├ ƒ /admin/playlists
├ ƒ /admin/posts
├ ƒ /admin/results
├ ƒ /api/cron/link-medic
├ ƒ /api/debug-cloudinary
├ ƒ /api/health
├ ƒ /clanky/[slug]
├ ƒ /galerie
├ ƒ /galerie/[id]
├ ○ /kalendar                      1m      1y
├ ○ /login
├ ƒ /playlisty
├ ƒ /sitemap.xml
├ ƒ /tym
└ ƒ /vysledky


ƒ Proxy (Middleware)

○  (Static)   prerendered as static content
ƒ  (Dynamic)  server-rendered on demand
